<?xml version="1.0" encoding="UTF-8"?>
<!-- Generated by org.testng.reporters.JUnitReportReporter -->
<testsuite skipped="0" hostname="DESKTOP-9C2HJJE" name="com.automation.tests.AddressTabPageTest" tests="1" failures="0" timestamp="28 Apr 2019 02:08:48 GMT" time="23.607" errors="0">
  <testcase name="verifyProceedToCheckoutAddressTab" time="23.607" classname="com.automation.tests.AddressTabPageTest"/>
</testsuite> <!-- com.automation.tests.AddressTabPageTest -->
