<?xml version="1.0" encoding="UTF-8"?>
<!-- Generated by org.testng.reporters.JUnitReportReporter -->
<testsuite skipped="0" hostname="DESKTOP-9C2HJJE" name="com.automation.tests.ShippingTabPageTest" tests="2" failures="0" timestamp="28 Apr 2019 11:52:29 GMT" time="46.201" errors="0">
  <testcase name="verifyProceedToCheckoutShippingTab" time="22.626" classname="com.automation.tests.ShippingTabPageTest"/>
  <testcase name="verifyShippingPageTitleAndPageText" time="23.575" classname="com.automation.tests.ShippingTabPageTest"/>
</testsuite> <!-- com.automation.tests.ShippingTabPageTest -->
