<?xml version="1.0" encoding="UTF-8"?>
<!-- Generated by org.testng.reporters.JUnitReportReporter -->
<testsuite skipped="0" hostname="DESKTOP-9C2HJJE" name="com.automation.tests.ShippingTabPageTest" tests="1" failures="0" timestamp="28 Apr 2019 02:08:48 GMT" time="23.009" errors="0">
  <testcase name="verifyProceedToCheckoutShippingTab" time="23.009" classname="com.automation.tests.ShippingTabPageTest"/>
</testsuite> <!-- com.automation.tests.ShippingTabPageTest -->
