<?xml version="1.0" encoding="UTF-8"?>
<!-- Generated by org.testng.reporters.JUnitReportReporter -->
<testsuite skipped="0" hostname="DESKTOP-9C2HJJE" name="com.automation.tests.HomePageTest" tests="1" failures="0" timestamp="28 Apr 2019 02:08:48 GMT" time="9.042" errors="0">
  <testcase name="navigateToCategoryTest" time="9.042" classname="com.automation.tests.HomePageTest"/>
</testsuite> <!-- com.automation.tests.HomePageTest -->
