<?xml version="1.0" encoding="UTF-8"?>
<!-- Generated by org.testng.reporters.JUnitReportReporter -->
<testsuite skipped="0" hostname="DESKTOP-9C2HJJE" name="com.automation.tests.CategoryPageTest" tests="1" failures="0" timestamp="28 Apr 2019 02:08:48 GMT" time="14.420" errors="0">
  <testcase name="verifyselectItemAndCheckOut" time="14.420" classname="com.automation.tests.CategoryPageTest"/>
</testsuite> <!-- com.automation.tests.CategoryPageTest -->
